<?xml version="1.0" encoding="UTF-8"?>
<!-- Generated by org.testng.reporters.JUnitXMLReporter -->
<testsuite ignored="4" hostname="AIL044" failures="0" tests="3" name="Default test" time="21.292" errors="0" timestamp="2024-08-12T12:29:05 IST">
  <testcase classname="testScripts.LoginPageTest" name="verifyInvalidUserLoginWithDataProvider" time="5.222"/>
  <testcase classname="testScripts.LoginPageTest" name="verifyInvalidUserLoginWithDataProvider" time="3.165"/>
  <testcase classname="testScripts.LoginPageTest" name="verifyInvalidUserLoginWithDataProvider" time="3.319"/>
  <testcase classname="testScripts.LoginPageTest" name="userLoginWithValidEmailAndInvalidPassword" time="0.0">
    <ignored/>
  </testcase> <!-- userLoginWithValidEmailAndInvalidPassword -->
  <testcase classname="testScripts.LoginPageTest" name="userLoginWithInValidEmailAndInvalidPassword" time="0.0">
    <ignored/>
  </testcase> <!-- userLoginWithInValidEmailAndInvalidPassword -->
  <testcase classname="testScripts.LoginPageTest" name="userLoginWithInValidEmailAndvalidPassword" time="0.0">
    <ignored/>
  </testcase> <!-- userLoginWithInValidEmailAndvalidPassword -->
  <testcase classname="testScripts.LoginPageTest" name="userLoginWithValidCredentials" time="0.0">
    <ignored/>
  </testcase> <!-- userLoginWithValidCredentials -->
</testsuite> <!-- Default test -->
