<?xml version="1.0" encoding="UTF-8"?>
<testng-results ignored="0" total="3" passed="3" failed="0" skipped="0">
  <reporter-output>
  </reporter-output>
  <suite started-at="2024-08-12T12:28:44 IST" name="Default suite" finished-at="2024-08-12T12:29:05 IST" duration-ms="21292">
    <groups>
    </groups>
    <test started-at="2024-08-12T12:28:44 IST" name="Default test" finished-at="2024-08-12T12:29:05 IST" duration-ms="21292">
      <class name="testScripts.LoginPageTest">
        <test-method is-config="true" signature="setBrowser()[pri:0, instance:testScripts.LoginPageTest@5b8dfcc1]" started-at="2024-08-12T12:28:44 IST" name="setBrowser" finished-at="2024-08-12T12:28:49 IST" duration-ms="4549" status="PASS">
          <reporter-output>
          </reporter-output>
        </test-method> <!-- setBrowser -->
        <test-method signature="verifyInvalidUserLoginWithDataProvider(java.lang.String,java.lang.String)[pri:0, instance:testScripts.LoginPageTest@5b8dfcc1]" started-at="2024-08-12T12:28:49 IST" name="verifyInvalidUserLoginWithDataProvider" data-provider="InvalidUserCredentials" finished-at="2024-08-12T12:28:54 IST" duration-ms="5222" status="PASS">
          <params>
            <param index="0">
              <value>
                <![CDATA[basil3@ariesesolutions.com]]>
              </value>
            </param>
            <param index="1">
              <value>
                <![CDATA[123456]]>
              </value>
            </param>
          </params>
          <reporter-output>
          </reporter-output>
        </test-method> <!-- verifyInvalidUserLoginWithDataProvider -->
        <test-method is-config="true" signature="closeBrowser(org.testng.ITestResult)[pri:0, instance:testScripts.LoginPageTest@5b8dfcc1]" started-at="2024-08-12T12:28:54 IST" name="closeBrowser" finished-at="2024-08-12T12:28:54 IST" duration-ms="2" status="PASS">
          <params>
            <param index="0">
              <value>
                <![CDATA[[TestResult name=verifyInvalidUserLoginWithDataProvider status=SUCCESS method=LoginPageTest.verifyInvalidUserLoginWithDataProvider(java.lang.String,java.lang.String)[pri:0, instance:testScripts.LoginPageTest@5b8dfcc1] output={null}]]]>
              </value>
            </param>
          </params>
          <reporter-output>
          </reporter-output>
        </test-method> <!-- closeBrowser -->
        <test-method is-config="true" signature="setBrowser()[pri:0, instance:testScripts.LoginPageTest@5b8dfcc1]" started-at="2024-08-12T12:28:54 IST" name="setBrowser" finished-at="2024-08-12T12:28:56 IST" duration-ms="2514" status="PASS">
          <reporter-output>
          </reporter-output>
        </test-method> <!-- setBrowser -->
        <test-method signature="verifyInvalidUserLoginWithDataProvider(java.lang.String,java.lang.String)[pri:0, instance:testScripts.LoginPageTest@5b8dfcc1]" started-at="2024-08-12T12:28:56 IST" name="verifyInvalidUserLoginWithDataProvider" data-provider="InvalidUserCredentials" finished-at="2024-08-12T12:28:59 IST" duration-ms="3165" status="PASS">
          <params>
            <param index="0">
              <value>
                <![CDATA[test@ariesesolutions.com]]>
              </value>
            </param>
            <param index="1">
              <value>
                <![CDATA[123456]]>
              </value>
            </param>
          </params>
          <reporter-output>
          </reporter-output>
        </test-method> <!-- verifyInvalidUserLoginWithDataProvider -->
        <test-method is-config="true" signature="closeBrowser(org.testng.ITestResult)[pri:0, instance:testScripts.LoginPageTest@5b8dfcc1]" started-at="2024-08-12T12:29:00 IST" name="closeBrowser" finished-at="2024-08-12T12:29:00 IST" duration-ms="1" status="PASS">
          <params>
            <param index="0">
              <value>
                <![CDATA[[TestResult name=verifyInvalidUserLoginWithDataProvider status=SUCCESS method=LoginPageTest.verifyInvalidUserLoginWithDataProvider(java.lang.String,java.lang.String)[pri:0, instance:testScripts.LoginPageTest@5b8dfcc1] output={null}]]]>
              </value>
            </param>
          </params>
          <reporter-output>
          </reporter-output>
        </test-method> <!-- closeBrowser -->
        <test-method is-config="true" signature="setBrowser()[pri:0, instance:testScripts.LoginPageTest@5b8dfcc1]" started-at="2024-08-12T12:29:00 IST" name="setBrowser" finished-at="2024-08-12T12:29:02 IST" duration-ms="2410" status="PASS">
          <reporter-output>
          </reporter-output>
        </test-method> <!-- setBrowser -->
        <test-method signature="verifyInvalidUserLoginWithDataProvider(java.lang.String,java.lang.String)[pri:0, instance:testScripts.LoginPageTest@5b8dfcc1]" started-at="2024-08-12T12:29:02 IST" name="verifyInvalidUserLoginWithDataProvider" data-provider="InvalidUserCredentials" finished-at="2024-08-12T12:29:05 IST" duration-ms="3319" status="PASS">
          <params>
            <param index="0">
              <value>
                <![CDATA[basil@ariesesolutions.com]]>
              </value>
            </param>
            <param index="1">
              <value>
                <![CDATA[12345678]]>
              </value>
            </param>
          </params>
          <reporter-output>
          </reporter-output>
        </test-method> <!-- verifyInvalidUserLoginWithDataProvider -->
        <test-method is-config="true" signature="closeBrowser(org.testng.ITestResult)[pri:0, instance:testScripts.LoginPageTest@5b8dfcc1]" started-at="2024-08-12T12:29:05 IST" name="closeBrowser" finished-at="2024-08-12T12:29:05 IST" duration-ms="1" status="PASS">
          <params>
            <param index="0">
              <value>
                <![CDATA[[TestResult name=verifyInvalidUserLoginWithDataProvider status=SUCCESS method=LoginPageTest.verifyInvalidUserLoginWithDataProvider(java.lang.String,java.lang.String)[pri:0, instance:testScripts.LoginPageTest@5b8dfcc1] output={null}]]]>
              </value>
            </param>
          </params>
          <reporter-output>
          </reporter-output>
        </test-method> <!-- closeBrowser -->
      </class> <!-- testScripts.LoginPageTest -->
    </test> <!-- Default test -->
  </suite> <!-- Default suite -->
</testng-results>
