<?xml version="1.0" encoding="UTF-8"?>
<!-- Generated by org.testng.reporters.JUnitXMLReporter -->
<testsuite ignored="2" hostname="AIL044" failures="0" tests="1" name="Default test" time="23.483" errors="0" timestamp="2024-08-29T16:43:57 IST">
  <testcase classname="testScripts.LoginPageTest" name="verifyLoginWithValidCredentials" time="5.467"/>
  <testcase classname="testScripts.LoginPageTest" name="verifyLoginErrorMessageWithInvalidCredentials" time="0.0">
    <ignored/>
  </testcase> <!-- verifyLoginErrorMessageWithInvalidCredentials -->
  <testcase classname="testScripts.LoginPageTest" name="InvalidDataDataProvider" time="0.0">
    <ignored/>
  </testcase> <!-- InvalidDataDataProvider -->
</testsuite> <!-- Default test -->
