<?xml version="1.0" encoding="UTF-8"?>
<!-- Generated by org.testng.reporters.JUnitXMLReporter -->
<testsuite ignored="2" hostname="AIL044" failures="2" tests="8" name="TestFireFox" time="0.113" errors="0" timestamp="2024-08-22T20:54:42 IST">
  <testcase classname="testScripts.LoginPageTest" name="userLoginWithValidCredentials" time="0.015">
    <skipped/>
  </testcase> <!-- userLoginWithValidCredentials -->
  <testcase classname="testScripts.LoginPageTest" name="userLoginWithValidCredentials" time="0.001">
    <skipped/>
  </testcase> <!-- userLoginWithValidCredentials -->
  <testcase classname="testScripts.LoginPageTest" name="userLoginWithValidCredentials" time="0.001">
    <skipped/>
  </testcase> <!-- userLoginWithValidCredentials -->
  <testcase classname="testScripts.LoginPageTest" name="userLoginWithValidCredentials" time="0.001">
    <failure type="java.lang.NullPointerException" message="Cannot invoke &amp;quot;org.openqa.selenium.WebDriver.get(String)&amp;quot; because &amp;quot;this.driver&amp;quot; is null">
      <![CDATA[java.lang.NullPointerException: Cannot invoke "org.openqa.selenium.WebDriver.get(String)" because "this.driver" is null
at testScripts.LoginPageTest.userLoginWithValidCredentials(LoginPageTest.java:20)
at java.base/java.util.ArrayList.forEach(ArrayList.java:1511)
... Removed 27 stack frames]]>
    </failure>
  </testcase> <!-- userLoginWithValidCredentials -->
  <testcase classname="testScripts.HomePageTest" name="verifyHomePageTitle" time="0.002">
    <skipped/>
  </testcase> <!-- verifyHomePageTitle -->
  <testcase classname="testScripts.HomePageTest" name="verifyHomePageTitle" time="0.001">
    <skipped/>
  </testcase> <!-- verifyHomePageTitle -->
  <testcase classname="testScripts.HomePageTest" name="verifyHomePageTitle" time="0.003">
    <skipped/>
  </testcase> <!-- verifyHomePageTitle -->
  <testcase classname="testScripts.HomePageTest" name="verifyHomePageTitle" time="0.002">
    <failure type="java.lang.NullPointerException" message="Cannot invoke &amp;quot;org.openqa.selenium.WebDriver.get(String)&amp;quot; because &amp;quot;this.driver&amp;quot; is null">
      <![CDATA[java.lang.NullPointerException: Cannot invoke "org.openqa.selenium.WebDriver.get(String)" because "this.driver" is null
at testScripts.HomePageTest.verifyHomePageTitle(HomePageTest.java:22)
at java.base/java.util.ArrayList.forEach(ArrayList.java:1511)
... Removed 27 stack frames]]>
    </failure>
  </testcase> <!-- verifyHomePageTitle -->
  <testcase classname="testScripts.LoginPageTest" name="verifyInvalidUserLoginWithDataProvider" time="0.0">
    <ignored/>
  </testcase> <!-- verifyInvalidUserLoginWithDataProvider -->
  <testcase classname="testScripts.HomePageTest" name="verifyCommunityPollSelection" time="0.0">
    <ignored/>
  </testcase> <!-- verifyCommunityPollSelection -->
</testsuite> <!-- TestFireFox -->
