<?xml version="1.0" encoding="UTF-8"?>
<!-- Generated by org.testng.reporters.JUnitXMLReporter -->
<testsuite ignored="1" hostname="AIL044" failures="1" tests="3" name="Test" time="20.985" errors="0" timestamp="2024-08-23T20:35:29 IST">
  <testcase classname="testScripts.HomePageTest" name="verifyCommunityPollSelection" time="4.901"/>
  <testcase classname="testScripts.HomePageTest" name="verifyHomePageTitle" time="3.248">
    <failure type="java.lang.AssertionError" message="Title Mismatch expected [test] but found [Demo Web Shop]">
      <![CDATA[java.lang.AssertionError: Title Mismatch expected [test] but found [Demo Web Shop]
at testScripts.HomePageTest.verifyHomePageTitle(HomePageTest.java:27)
at java.base/java.util.ArrayList.forEach(ArrayList.java:1511)
... Removed 32 stack frames]]>
    </failure>
  </testcase> <!-- verifyHomePageTitle -->
  <testcase classname="testScripts.LoginPageTest" name="userLoginWithValidCredentials" time="5.158"/>
  <testcase classname="testScripts.LoginPageTest" name="verifyInvalidUserLoginWithDataProvider" time="0.0">
    <ignored/>
  </testcase> <!-- verifyInvalidUserLoginWithDataProvider -->
</testsuite> <!-- Test -->
