<?xml version="1.0" encoding="UTF-8"?>
<!-- Generated by org.testng.reporters.JUnitXMLReporter -->
<testsuite ignored="1" hostname="AIL044" failures="0" tests="1" name="TestChrome" time="6.988" errors="0" timestamp="2024-08-17T16:20:06 IST">
  <testcase classname="testScripts.HomePageTest" name="verifyHomePageTitle" time="4.498"/>
  <testcase classname="testScripts.HomePageTest" name="verifyCommunityPollSelection" time="0.0">
    <ignored/>
  </testcase> <!-- verifyCommunityPollSelection -->
</testsuite> <!-- TestChrome -->
