<?xml version="1.0" encoding="UTF-8"?>
<!-- Generated by org.testng.reporters.JUnitXMLReporter -->
<testsuite ignored="0" hostname="AIL044" failures="2" tests="7" name="TestFireFox" time="50.012" errors="0" timestamp="2024-08-17T16:20:56 IST">
  <testcase classname="testScripts.LoginPageTest" name="userLoginWithInValidEmailAndInvalidPassword" time="3.398">
    <failure type="java.lang.AssertionError" message="Invalid Login Message expected [Login was unsuccessful. Please correct the errors and try again.The credentials provided are incorrect] but found [Login was unsuccessful. Please correct the errors and try again.No customer account found]">
      <![CDATA[java.lang.AssertionError: Invalid Login Message expected [Login was unsuccessful. Please correct the errors and try again.The credentials provided are incorrect] but found [Login was unsuccessful. Please correct the errors and try again.No customer account found]
at testScripts.LoginPageTest.userLoginWithInValidEmailAndInvalidPassword(LoginPageTest.java:112)
at java.base/java.util.ArrayList.forEach(ArrayList.java:1511)
... Removed 32 stack frames]]>
    </failure>
  </testcase> <!-- userLoginWithInValidEmailAndInvalidPassword -->
  <testcase classname="testScripts.LoginPageTest" name="userLoginWithInValidEmailAndvalidPassword" time="2.855">
    <failure type="java.lang.AssertionError" message="Invalid Login Message expected [Login was unsuccessful. Please correct the errors and try again.The credentials provided are incorrect] but found [Login was unsuccessful. Please correct the errors and try again.No customer account found]">
      <![CDATA[java.lang.AssertionError: Invalid Login Message expected [Login was unsuccessful. Please correct the errors and try again.The credentials provided are incorrect] but found [Login was unsuccessful. Please correct the errors and try again.No customer account found]
at testScripts.LoginPageTest.userLoginWithInValidEmailAndvalidPassword(LoginPageTest.java:87)
at java.base/java.util.ArrayList.forEach(ArrayList.java:1511)
... Removed 32 stack frames]]>
    </failure>
  </testcase> <!-- userLoginWithInValidEmailAndvalidPassword -->
  <testcase classname="testScripts.LoginPageTest" name="userLoginWithValidCredentials" time="3.934"/>
  <testcase classname="testScripts.LoginPageTest" name="userLoginWithValidEmailAndInvalidPassword" time="3.121"/>
  <testcase classname="testScripts.LoginPageTest" name="verifyInvalidUserLoginWithDataProvider" time="2.877"/>
  <testcase classname="testScripts.LoginPageTest" name="verifyInvalidUserLoginWithDataProvider" time="2.898"/>
  <testcase classname="testScripts.LoginPageTest" name="verifyInvalidUserLoginWithDataProvider" time="2.784"/>
</testsuite> <!-- TestFireFox -->
