<?xml version="1.0" encoding="UTF-8"?>
<!-- Generated by org.testng.reporters.JUnitXMLReporter -->
<testsuite ignored="1" hostname="AIL044" failures="0" tests="1" name="Test" time="10.798" errors="0" timestamp="2024-08-17T15:39:07 IST">
  <testcase classname="testScripts.HomePageTest" name="verifyHomePageTitle" time="5.591"/>
  <testcase classname="testScripts.HomePageTest" name="verifyCommunityPollSelection" time="0.0">
    <ignored/>
  </testcase> <!-- verifyCommunityPollSelection -->
</testsuite> <!-- Test -->
