<?xml version="1.0" encoding="UTF-8"?>
<!-- Generated by org.testng.reporters.JUnitXMLReporter -->
<testsuite ignored="1" hostname="AIL044" failures="0" tests="3" name="ChromeTest" time="60.682" errors="0" timestamp="2024-09-10T18:19:47 IST">
  <testcase classname="testScripts.AddUserPageTest" name="verifyAddUser" time="4.97">
    <skipped/>
  </testcase> <!-- verifyAddUser -->
  <testcase classname="testScripts.AddUserPageTest" name="verifyAddUser" time="3.114">
    <skipped/>
  </testcase> <!-- verifyAddUser -->
  <testcase classname="testScripts.AddUserPageTest" name="verifyAddUser" time="29.788"/>
  <testcase classname="testScripts.AddUserPageTest" name="verifyUserLoginWithNewlyAddedUser" time="0.0">
    <ignored/>
  </testcase> <!-- verifyUserLoginWithNewlyAddedUser -->
</testsuite> <!-- ChromeTest -->
