<?xml version="1.0" encoding="UTF-8"?>
<!-- Generated by org.testng.reporters.JUnitXMLReporter -->
<testsuite ignored="0" hostname="AIL044" failures="0" tests="8" name="EdgeTest" time="191.994" errors="0" timestamp="2024-09-08T22:19:17 IST">
  <testcase classname="testScripts.LoginPageTest" name="InvalidDataDataProvider" time="0.928"/>
  <testcase classname="testScripts.LoginPageTest" name="InvalidDataDataProvider" time="1.885"/>
  <testcase classname="testScripts.LoginPageTest" name="InvalidDataDataProvider" time="0.891"/>
  <testcase classname="testScripts.LoginPageTest" name="verifyLoginErrorMessageWithInvalidCredentials" time="1.971"/>
  <testcase classname="testScripts.LoginPageTest" name="verifyLoginWithValidCredentials" time="0.708">
    <skipped/>
  </testcase> <!-- verifyLoginWithValidCredentials -->
  <testcase classname="testScripts.LoginPageTest" name="verifyLoginWithValidCredentials" time="0.186">
    <skipped/>
  </testcase> <!-- verifyLoginWithValidCredentials -->
  <testcase classname="testScripts.LoginPageTest" name="verifyLoginWithValidCredentials" time="0.133">
    <skipped/>
  </testcase> <!-- verifyLoginWithValidCredentials -->
  <testcase classname="testScripts.LoginPageTest" name="verifyLoginWithValidCredentials" time="13.192"/>
</testsuite> <!-- EdgeTest -->
